2021-07-22T02:46:00+00:00 CRITICAL Uncaught TypeError: Elementor\Elements_Manager::create_element_instance(): Argument #1 ($element_data) must be of type array, string given, called in C:\xampp\htdocs\marketingdemo\wp-content\plugins\elementor\core\base\document.php on line 826 and defined in C:\xampp\htdocs\marketingdemo\wp-content\plugins\elementor\includes\managers\elements.php:68
Stack trace:
#0 C:\xampp\htdocs\marketingdemo\wp-content\plugins\elementor\core\base\document.php(826): Elementor\Elements_Manager->create_element_instance('Array')
#1 C:\xampp\htdocs\marketingdemo\wp-content\plugins\astra-sites\inc\importers\batch-processing\class-astra-sites-batch-processing-elementor.php(121): Elementor\Core\Base\Document->get_elements_raw_data(Array, true)
#2 C:\xampp\htdocs\marketingdemo\wp-content\plugins\astra-sites\inc\importers\batch-processing\class-astra-sites-batch-processing-elementor.php(66): Elementor\TemplateLibrary\Astra_Sites_Batch_Processing_Elementor->import_single_post(1308)
#3 C:\xampp\htdocs\marketingdemo\wp-content\plugins\astra-sites\inc\importers\batch-processing\helpers\class-wp-background-process-astra.php(41): Elementor\TemplateLibrary\Astra_Sites_Batch_Processing_Elementor->import()
#4 C:\xampp\htdocs\marketingdemo\wp-content\plugins\woocommerce\includes\libraries\wp-background-process.php(301): WP_Background_Process_Astra->task(Object(Elementor\TemplateLibrary\Astra_Sites_Batch_Processing_Elementor))
#5 C:\xampp\htdocs\marketingdemo\wp-content\plugins\woocommerce\includes\libraries\wp-background-process.php(447): WP_Background_Process->handle()
#6 C:\xampp\htdocs\marketingdemo\wp-includes\class-wp-hook.php(303): WP_Background_Process->handle_cron_healthcheck()
#7 C:\xampp\htdocs\marketingdemo\wp-includes\class-wp-hook.php(327): WP_Hook->apply_filters('', Array)
#8 C:\xampp\htdocs\marketingdemo\wp-includes\plugin.php(518): WP_Hook->do_action(Array)
#9 C:\xampp\htdocs\marketingdemo\wp-cron.php(138): do_action_ref_array('wp_image_proces...', Array)
#10 {main}
  thrown in C:\xampp\htdocs\marketingdemo\wp-content\plugins\elementor\includes\managers\elements.php on line 68

2021-07-22T02:48:43+00:00 CRITICAL Uncaught TypeError: Elementor\Elements_Manager::create_element_instance(): Argument #1 ($element_data) must be of type array, string given, called in C:\xampp\htdocs\marketingdemo\wp-content\plugins\elementor\core\base\document.php on line 826 and defined in C:\xampp\htdocs\marketingdemo\wp-content\plugins\elementor\includes\managers\elements.php:68
Stack trace:
#0 C:\xampp\htdocs\marketingdemo\wp-content\plugins\elementor\core\base\document.php(826): Elementor\Elements_Manager->create_element_instance('Array')
#1 C:\xampp\htdocs\marketingdemo\wp-content\plugins\astra-sites\inc\importers\batch-processing\class-astra-sites-batch-processing-elementor.php(121): Elementor\Core\Base\Document->get_elements_raw_data(Array, true)
#2 C:\xampp\htdocs\marketingdemo\wp-content\plugins\astra-sites\inc\importers\batch-processing\class-astra-sites-batch-processing-elementor.php(66): Elementor\TemplateLibrary\Astra_Sites_Batch_Processing_Elementor->import_single_post(1308)
#3 C:\xampp\htdocs\marketingdemo\wp-content\plugins\astra-sites\inc\importers\batch-processing\helpers\class-wp-background-process-astra.php(41): Elementor\TemplateLibrary\Astra_Sites_Batch_Processing_Elementor->import()
#4 C:\xampp\htdocs\marketingdemo\wp-content\plugins\woocommerce\includes\libraries\wp-background-process.php(301): WP_Background_Process_Astra->task(Object(Elementor\TemplateLibrary\Astra_Sites_Batch_Processing_Elementor))
#5 C:\xampp\htdocs\marketingdemo\wp-content\plugins\woocommerce\includes\libraries\wp-background-process.php(447): WP_Background_Process->handle()
#6 C:\xampp\htdocs\marketingdemo\wp-includes\class-wp-hook.php(303): WP_Background_Process->handle_cron_healthcheck()
#7 C:\xampp\htdocs\marketingdemo\wp-includes\class-wp-hook.php(327): WP_Hook->apply_filters('', Array)
#8 C:\xampp\htdocs\marketingdemo\wp-includes\plugin.php(518): WP_Hook->do_action(Array)
#9 C:\xampp\htdocs\marketingdemo\wp-cron.php(138): do_action_ref_array('wp_image_proces...', Array)
#10 {main}
  thrown in C:\xampp\htdocs\marketingdemo\wp-content\plugins\elementor\includes\managers\elements.php on line 68

2021-07-22T02:53:22+00:00 CRITICAL Uncaught TypeError: Elementor\Elements_Manager::create_element_instance(): Argument #1 ($element_data) must be of type array, string given, called in C:\xampp\htdocs\marketingdemo\wp-content\plugins\elementor\core\base\document.php on line 826 and defined in C:\xampp\htdocs\marketingdemo\wp-content\plugins\elementor\includes\managers\elements.php:68
Stack trace:
#0 C:\xampp\htdocs\marketingdemo\wp-content\plugins\elementor\core\base\document.php(826): Elementor\Elements_Manager->create_element_instance('Array')
#1 C:\xampp\htdocs\marketingdemo\wp-content\plugins\astra-sites\inc\importers\batch-processing\class-astra-sites-batch-processing-elementor.php(121): Elementor\Core\Base\Document->get_elements_raw_data(Array, true)
#2 C:\xampp\htdocs\marketingdemo\wp-content\plugins\astra-sites\inc\importers\batch-processing\class-astra-sites-batch-processing-elementor.php(66): Elementor\TemplateLibrary\Astra_Sites_Batch_Processing_Elementor->import_single_post(1308)
#3 C:\xampp\htdocs\marketingdemo\wp-content\plugins\astra-sites\inc\importers\batch-processing\helpers\class-wp-background-process-astra.php(41): Elementor\TemplateLibrary\Astra_Sites_Batch_Processing_Elementor->import()
#4 C:\xampp\htdocs\marketingdemo\wp-content\plugins\woocommerce\includes\libraries\wp-background-process.php(301): WP_Background_Process_Astra->task(Object(Elementor\TemplateLibrary\Astra_Sites_Batch_Processing_Elementor))
#5 C:\xampp\htdocs\marketingdemo\wp-content\plugins\woocommerce\includes\libraries\wp-background-process.php(447): WP_Background_Process->handle()
#6 C:\xampp\htdocs\marketingdemo\wp-includes\class-wp-hook.php(303): WP_Background_Process->handle_cron_healthcheck()
#7 C:\xampp\htdocs\marketingdemo\wp-includes\class-wp-hook.php(327): WP_Hook->apply_filters('', Array)
#8 C:\xampp\htdocs\marketingdemo\wp-includes\plugin.php(518): WP_Hook->do_action(Array)
#9 C:\xampp\htdocs\marketingdemo\wp-cron.php(138): do_action_ref_array('wp_image_proces...', Array)
#10 {main}
  thrown in C:\xampp\htdocs\marketingdemo\wp-content\plugins\elementor\includes\managers\elements.php on line 68

2021-07-22T02:57:09+00:00 CRITICAL Uncaught ArgumentCountError: 3 arguments are required, 2 given in C:\xampp\htdocs\marketingdemo\wp-admin\includes\class-bulk-upgrader-skin.php:152
Stack trace:
#0 C:\xampp\htdocs\marketingdemo\wp-admin\includes\class-bulk-upgrader-skin.php(152): sprintf('%1$s installed ...', 'Contact Form 7')
#1 C:\xampp\htdocs\marketingdemo\wp-content\themes\flatsome\inc\classes\class-tgm-plugin-activation.php(3638): Bulk_Upgrader_Skin->after('Contact Form 7')
#2 C:\xampp\htdocs\marketingdemo\wp-admin\includes\class-wp-upgrader.php(823): TGMPA_Bulk_Installer_Skin->after()
#3 C:\xampp\htdocs\marketingdemo\wp-content\themes\flatsome\inc\classes\class-tgm-plugin-activation.php(3258): WP_Upgrader->run(Array)
#4 C:\xampp\htdocs\marketingdemo\wp-content\themes\flatsome\inc\classes\class-tgm-plugin-activation.php(3371): TGMPA_Bulk_Installer->run(Array)
#5 C:\xampp\htdocs\marketingdemo\wp-content\themes\flatsome\inc\classes\class-tgm-plugin-activation.php(2977): TGMPA_Bulk_Installer->bulk_install(Array)
#6 C:\xampp\htdocs\marketingdemo\wp-content\themes\flatsome\inc\classes\class-tgm-plugin-activation.php(743): TGMPA_List_Table->process_bulk_actions()
#7 C:\xampp\htdocs\marketingdemo\wp-includes\class-wp-hook.php(303): TGM_Plugin_Activation->install_plugins_page('')
#8 C:\xampp\htdocs\marketingdemo\wp-includes\class-wp-hook.php(327): WP_Hook->apply_filters('', Array)
#9 C:\xampp\htdocs\marketingdemo\wp-includes\plugin.php(470): WP_Hook->do_action(Array)
#10 C:\xampp\htdocs\marketingdemo\wp-admin\admin.php(259): do_action('appearance_page...')
#11 C:\xampp\htdocs\marketingdemo\wp-admin\themes.php(10): require_once('C:\\xampp\\htdocs...')
#12 {main}
  thrown in C:\xampp\htdocs\marketingdemo\wp-admin\includes\class-bulk-upgrader-skin.php on line 152

2021-07-22T02:57:20+00:00 CRITICAL Uncaught ArgumentCountError: 3 arguments are required, 2 given in C:\xampp\htdocs\marketingdemo\wp-admin\includes\class-bulk-upgrader-skin.php:152
Stack trace:
#0 C:\xampp\htdocs\marketingdemo\wp-admin\includes\class-bulk-upgrader-skin.php(152): sprintf('%1$s installed ...', 'Nextend Social ...')
#1 C:\xampp\htdocs\marketingdemo\wp-content\themes\flatsome\inc\classes\class-tgm-plugin-activation.php(3638): Bulk_Upgrader_Skin->after('Nextend Social ...')
#2 C:\xampp\htdocs\marketingdemo\wp-admin\includes\class-wp-upgrader.php(823): TGMPA_Bulk_Installer_Skin->after()
#3 C:\xampp\htdocs\marketingdemo\wp-content\themes\flatsome\inc\classes\class-tgm-plugin-activation.php(3258): WP_Upgrader->run(Array)
#4 C:\xampp\htdocs\marketingdemo\wp-content\themes\flatsome\inc\classes\class-tgm-plugin-activation.php(3371): TGMPA_Bulk_Installer->run(Array)
#5 C:\xampp\htdocs\marketingdemo\wp-content\themes\flatsome\inc\classes\class-tgm-plugin-activation.php(2977): TGMPA_Bulk_Installer->bulk_install(Array)
#6 C:\xampp\htdocs\marketingdemo\wp-content\themes\flatsome\inc\classes\class-tgm-plugin-activation.php(743): TGMPA_List_Table->process_bulk_actions()
#7 C:\xampp\htdocs\marketingdemo\wp-includes\class-wp-hook.php(303): TGM_Plugin_Activation->install_plugins_page('')
#8 C:\xampp\htdocs\marketingdemo\wp-includes\class-wp-hook.php(327): WP_Hook->apply_filters('', Array)
#9 C:\xampp\htdocs\marketingdemo\wp-includes\plugin.php(470): WP_Hook->do_action(Array)
#10 C:\xampp\htdocs\marketingdemo\wp-admin\admin.php(259): do_action('appearance_page...')
#11 C:\xampp\htdocs\marketingdemo\wp-admin\themes.php(10): require_once('C:\\xampp\\htdocs...')
#12 {main}
  thrown in C:\xampp\htdocs\marketingdemo\wp-admin\includes\class-bulk-upgrader-skin.php on line 152

2021-07-22T02:57:36+00:00 CRITICAL Uncaught ArgumentCountError: 3 arguments are required, 2 given in C:\xampp\htdocs\marketingdemo\wp-admin\includes\class-bulk-upgrader-skin.php:152
Stack trace:
#0 C:\xampp\htdocs\marketingdemo\wp-admin\includes\class-bulk-upgrader-skin.php(152): sprintf('%1$s installed ...', 'Unlimited Sideb...')
#1 C:\xampp\htdocs\marketingdemo\wp-content\themes\flatsome\inc\classes\class-tgm-plugin-activation.php(3638): Bulk_Upgrader_Skin->after('Unlimited Sideb...')
#2 C:\xampp\htdocs\marketingdemo\wp-admin\includes\class-wp-upgrader.php(823): TGMPA_Bulk_Installer_Skin->after()
#3 C:\xampp\htdocs\marketingdemo\wp-content\themes\flatsome\inc\classes\class-tgm-plugin-activation.php(3258): WP_Upgrader->run(Array)
#4 C:\xampp\htdocs\marketingdemo\wp-content\themes\flatsome\inc\classes\class-tgm-plugin-activation.php(3371): TGMPA_Bulk_Installer->run(Array)
#5 C:\xampp\htdocs\marketingdemo\wp-content\themes\flatsome\inc\classes\class-tgm-plugin-activation.php(2977): TGMPA_Bulk_Installer->bulk_install(Array)
#6 C:\xampp\htdocs\marketingdemo\wp-content\themes\flatsome\inc\classes\class-tgm-plugin-activation.php(743): TGMPA_List_Table->process_bulk_actions()
#7 C:\xampp\htdocs\marketingdemo\wp-includes\class-wp-hook.php(303): TGM_Plugin_Activation->install_plugins_page('')
#8 C:\xampp\htdocs\marketingdemo\wp-includes\class-wp-hook.php(327): WP_Hook->apply_filters('', Array)
#9 C:\xampp\htdocs\marketingdemo\wp-includes\plugin.php(470): WP_Hook->do_action(Array)
#10 C:\xampp\htdocs\marketingdemo\wp-admin\admin.php(259): do_action('appearance_page...')
#11 C:\xampp\htdocs\marketingdemo\wp-admin\themes.php(10): require_once('C:\\xampp\\htdocs...')
#12 {main}
  thrown in C:\xampp\htdocs\marketingdemo\wp-admin\includes\class-bulk-upgrader-skin.php on line 152

2021-07-22T02:57:39+00:00 CRITICAL Uncaught ValueError: Unknown format specifier "a" in C:\xampp\htdocs\marketingdemo\wp-content\plugins\woosidebars\classes\class-woo-sidebars.php:170
Stack trace:
#0 C:\xampp\htdocs\marketingdemo\wp-content\plugins\woosidebars\classes\class-woo-sidebars.php(170): sprintf('Search %a', 'Widget Areas')
#1 C:\xampp\htdocs\marketingdemo\wp-includes\class-wp-hook.php(303): Woo_Sidebars->register_post_type('')
#2 C:\xampp\htdocs\marketingdemo\wp-includes\class-wp-hook.php(327): WP_Hook->apply_filters(NULL, Array)
#3 C:\xampp\htdocs\marketingdemo\wp-includes\plugin.php(470): WP_Hook->do_action(Array)
#4 C:\xampp\htdocs\marketingdemo\wp-settings.php(578): do_action('init')
#5 C:\xampp\htdocs\marketingdemo\wp-config.php(89): require_once('C:\\xampp\\htdocs...')
#6 C:\xampp\htdocs\marketingdemo\wp-load.php(50): require_once('C:\\xampp\\htdocs...')
#7 C:\xampp\htdocs\marketingdemo\wp-admin\admin-ajax.php(22): require_once('C:\\xampp\\htdocs...')
#8 {main}
  thrown in C:\xampp\htdocs\marketingdemo\wp-content\plugins\woosidebars\classes\class-woo-sidebars.php on line 170

2021-07-22T02:57:40+00:00 CRITICAL Uncaught ValueError: Unknown format specifier "a" in C:\xampp\htdocs\marketingdemo\wp-content\plugins\woosidebars\classes\class-woo-sidebars.php:170
Stack trace:
#0 C:\xampp\htdocs\marketingdemo\wp-content\plugins\woosidebars\classes\class-woo-sidebars.php(170): sprintf('Search %a', 'Widget Areas')
#1 C:\xampp\htdocs\marketingdemo\wp-includes\class-wp-hook.php(303): Woo_Sidebars->register_post_type('')
#2 C:\xampp\htdocs\marketingdemo\wp-includes\class-wp-hook.php(327): WP_Hook->apply_filters(NULL, Array)
#3 C:\xampp\htdocs\marketingdemo\wp-includes\plugin.php(470): WP_Hook->do_action(Array)
#4 C:\xampp\htdocs\marketingdemo\wp-settings.php(578): do_action('init')
#5 C:\xampp\htdocs\marketingdemo\wp-config.php(89): require_once('C:\\xampp\\htdocs...')
#6 C:\xampp\htdocs\marketingdemo\wp-load.php(50): require_once('C:\\xampp\\htdocs...')
#7 C:\xampp\htdocs\marketingdemo\wp-admin\admin-ajax.php(22): require_once('C:\\xampp\\htdocs...')
#8 {main}
  thrown in C:\xampp\htdocs\marketingdemo\wp-content\plugins\woosidebars\classes\class-woo-sidebars.php on line 170

2021-07-22T02:57:41+00:00 CRITICAL Uncaught ValueError: Unknown format specifier "a" in C:\xampp\htdocs\marketingdemo\wp-content\plugins\woosidebars\classes\class-woo-sidebars.php:170
Stack trace:
#0 C:\xampp\htdocs\marketingdemo\wp-content\plugins\woosidebars\classes\class-woo-sidebars.php(170): sprintf('Search %a', 'Widget Areas')
#1 C:\xampp\htdocs\marketingdemo\wp-includes\class-wp-hook.php(303): Woo_Sidebars->register_post_type('')
#2 C:\xampp\htdocs\marketingdemo\wp-includes\class-wp-hook.php(327): WP_Hook->apply_filters(NULL, Array)
#3 C:\xampp\htdocs\marketingdemo\wp-includes\plugin.php(470): WP_Hook->do_action(Array)
#4 C:\xampp\htdocs\marketingdemo\wp-settings.php(578): do_action('init')
#5 C:\xampp\htdocs\marketingdemo\wp-config.php(89): require_once('C:\\xampp\\htdocs...')
#6 C:\xampp\htdocs\marketingdemo\wp-load.php(50): require_once('C:\\xampp\\htdocs...')
#7 C:\xampp\htdocs\marketingdemo\wp-admin\admin.php(34): require_once('C:\\xampp\\htdocs...')
#8 {main}
  thrown in C:\xampp\htdocs\marketingdemo\wp-content\plugins\woosidebars\classes\class-woo-sidebars.php on line 170

2021-07-22T03:00:06+00:00 CRITICAL Uncaught ValueError: Unknown format specifier "a" in C:\xampp\htdocs\marketingdemo\wp-content\plugins\woosidebars\classes\class-woo-sidebars.php:170
Stack trace:
#0 C:\xampp\htdocs\marketingdemo\wp-content\plugins\woosidebars\classes\class-woo-sidebars.php(170): sprintf('Search %a', 'Widget Areas')
#1 C:\xampp\htdocs\marketingdemo\wp-includes\class-wp-hook.php(303): Woo_Sidebars->register_post_type('')
#2 C:\xampp\htdocs\marketingdemo\wp-includes\class-wp-hook.php(327): WP_Hook->apply_filters(NULL, Array)
#3 C:\xampp\htdocs\marketingdemo\wp-includes\plugin.php(470): WP_Hook->do_action(Array)
#4 C:\xampp\htdocs\marketingdemo\wp-settings.php(578): do_action('init')
#5 C:\xampp\htdocs\marketingdemo\wp-config.php(89): require_once('C:\\xampp\\htdocs...')
#6 C:\xampp\htdocs\marketingdemo\wp-load.php(50): require_once('C:\\xampp\\htdocs...')
#7 C:\xampp\htdocs\marketingdemo\wp-admin\admin-ajax.php(22): require_once('C:\\xampp\\htdocs...')
#8 {main}
  thrown in C:\xampp\htdocs\marketingdemo\wp-content\plugins\woosidebars\classes\class-woo-sidebars.php on line 170

2021-07-22T03:00:07+00:00 CRITICAL Uncaught ValueError: Unknown format specifier "a" in C:\xampp\htdocs\marketingdemo\wp-content\plugins\woosidebars\classes\class-woo-sidebars.php:170
Stack trace:
#0 C:\xampp\htdocs\marketingdemo\wp-content\plugins\woosidebars\classes\class-woo-sidebars.php(170): sprintf('Search %a', 'Widget Areas')
#1 C:\xampp\htdocs\marketingdemo\wp-includes\class-wp-hook.php(303): Woo_Sidebars->register_post_type('')
#2 C:\xampp\htdocs\marketingdemo\wp-includes\class-wp-hook.php(327): WP_Hook->apply_filters(NULL, Array)
#3 C:\xampp\htdocs\marketingdemo\wp-includes\plugin.php(470): WP_Hook->do_action(Array)
#4 C:\xampp\htdocs\marketingdemo\wp-settings.php(578): do_action('init')
#5 C:\xampp\htdocs\marketingdemo\wp-config.php(89): require_once('C:\\xampp\\htdocs...')
#6 C:\xampp\htdocs\marketingdemo\wp-load.php(50): require_once('C:\\xampp\\htdocs...')
#7 C:\xampp\htdocs\marketingdemo\wp-admin\admin-ajax.php(22): require_once('C:\\xampp\\htdocs...')
#8 {main}
  thrown in C:\xampp\htdocs\marketingdemo\wp-content\plugins\woosidebars\classes\class-woo-sidebars.php on line 170

2021-07-22T03:00:08+00:00 CRITICAL Uncaught ValueError: Unknown format specifier "a" in C:\xampp\htdocs\marketingdemo\wp-content\plugins\woosidebars\classes\class-woo-sidebars.php:170
Stack trace:
#0 C:\xampp\htdocs\marketingdemo\wp-content\plugins\woosidebars\classes\class-woo-sidebars.php(170): sprintf('Search %a', 'Widget Areas')
#1 C:\xampp\htdocs\marketingdemo\wp-includes\class-wp-hook.php(303): Woo_Sidebars->register_post_type('')
#2 C:\xampp\htdocs\marketingdemo\wp-includes\class-wp-hook.php(327): WP_Hook->apply_filters(NULL, Array)
#3 C:\xampp\htdocs\marketingdemo\wp-includes\plugin.php(470): WP_Hook->do_action(Array)
#4 C:\xampp\htdocs\marketingdemo\wp-settings.php(578): do_action('init')
#5 C:\xampp\htdocs\marketingdemo\wp-config.php(89): require_once('C:\\xampp\\htdocs...')
#6 C:\xampp\htdocs\marketingdemo\wp-load.php(50): require_once('C:\\xampp\\htdocs...')
#7 C:\xampp\htdocs\marketingdemo\wp-admin\admin-ajax.php(22): require_once('C:\\xampp\\htdocs...')
#8 {main}
  thrown in C:\xampp\htdocs\marketingdemo\wp-content\plugins\woosidebars\classes\class-woo-sidebars.php on line 170

2021-07-22T03:00:09+00:00 CRITICAL Uncaught ValueError: Unknown format specifier "a" in C:\xampp\htdocs\marketingdemo\wp-content\plugins\woosidebars\classes\class-woo-sidebars.php:170
Stack trace:
#0 C:\xampp\htdocs\marketingdemo\wp-content\plugins\woosidebars\classes\class-woo-sidebars.php(170): sprintf('Search %a', 'Widget Areas')
#1 C:\xampp\htdocs\marketingdemo\wp-includes\class-wp-hook.php(303): Woo_Sidebars->register_post_type('')
#2 C:\xampp\htdocs\marketingdemo\wp-includes\class-wp-hook.php(327): WP_Hook->apply_filters(NULL, Array)
#3 C:\xampp\htdocs\marketingdemo\wp-includes\plugin.php(470): WP_Hook->do_action(Array)
#4 C:\xampp\htdocs\marketingdemo\wp-settings.php(578): do_action('init')
#5 C:\xampp\htdocs\marketingdemo\wp-config.php(89): require_once('C:\\xampp\\htdocs...')
#6 C:\xampp\htdocs\marketingdemo\wp-load.php(50): require_once('C:\\xampp\\htdocs...')
#7 C:\xampp\htdocs\marketingdemo\wp-admin\admin-ajax.php(22): require_once('C:\\xampp\\htdocs...')
#8 {main}
  thrown in C:\xampp\htdocs\marketingdemo\wp-content\plugins\woosidebars\classes\class-woo-sidebars.php on line 170

2021-07-22T03:00:10+00:00 CRITICAL Uncaught ValueError: Unknown format specifier "a" in C:\xampp\htdocs\marketingdemo\wp-content\plugins\woosidebars\classes\class-woo-sidebars.php:170
Stack trace:
#0 C:\xampp\htdocs\marketingdemo\wp-content\plugins\woosidebars\classes\class-woo-sidebars.php(170): sprintf('Search %a', 'Widget Areas')
#1 C:\xampp\htdocs\marketingdemo\wp-includes\class-wp-hook.php(303): Woo_Sidebars->register_post_type('')
#2 C:\xampp\htdocs\marketingdemo\wp-includes\class-wp-hook.php(327): WP_Hook->apply_filters(NULL, Array)
#3 C:\xampp\htdocs\marketingdemo\wp-includes\plugin.php(470): WP_Hook->do_action(Array)
#4 C:\xampp\htdocs\marketingdemo\wp-settings.php(578): do_action('init')
#5 C:\xampp\htdocs\marketingdemo\wp-config.php(89): require_once('C:\\xampp\\htdocs...')
#6 C:\xampp\htdocs\marketingdemo\wp-load.php(50): require_once('C:\\xampp\\htdocs...')
#7 C:\xampp\htdocs\marketingdemo\wp-admin\admin.php(34): require_once('C:\\xampp\\htdocs...')
#8 {main}
  thrown in C:\xampp\htdocs\marketingdemo\wp-content\plugins\woosidebars\classes\class-woo-sidebars.php on line 170

2021-07-22T03:02:54+00:00 CRITICAL Uncaught ValueError: Unknown format specifier "a" in C:\xampp\htdocs\marketingdemo\wp-content\plugins\woosidebars\classes\class-woo-sidebars.php:170
Stack trace:
#0 C:\xampp\htdocs\marketingdemo\wp-content\plugins\woosidebars\classes\class-woo-sidebars.php(170): sprintf('Search %a', 'Widget Areas')
#1 C:\xampp\htdocs\marketingdemo\wp-includes\class-wp-hook.php(303): Woo_Sidebars->register_post_type('')
#2 C:\xampp\htdocs\marketingdemo\wp-includes\class-wp-hook.php(327): WP_Hook->apply_filters(NULL, Array)
#3 C:\xampp\htdocs\marketingdemo\wp-includes\plugin.php(470): WP_Hook->do_action(Array)
#4 C:\xampp\htdocs\marketingdemo\wp-settings.php(578): do_action('init')
#5 C:\xampp\htdocs\marketingdemo\wp-config.php(89): require_once('C:\\xampp\\htdocs...')
#6 C:\xampp\htdocs\marketingdemo\wp-load.php(50): require_once('C:\\xampp\\htdocs...')
#7 C:\xampp\htdocs\marketingdemo\wp-admin\admin-ajax.php(22): require_once('C:\\xampp\\htdocs...')
#8 {main}
  thrown in C:\xampp\htdocs\marketingdemo\wp-content\plugins\woosidebars\classes\class-woo-sidebars.php on line 170

2021-07-22T03:02:54+00:00 CRITICAL Uncaught ValueError: Unknown format specifier "a" in C:\xampp\htdocs\marketingdemo\wp-content\plugins\woosidebars\classes\class-woo-sidebars.php:170
Stack trace:
#0 C:\xampp\htdocs\marketingdemo\wp-content\plugins\woosidebars\classes\class-woo-sidebars.php(170): sprintf('Search %a', 'Widget Areas')
#1 C:\xampp\htdocs\marketingdemo\wp-includes\class-wp-hook.php(303): Woo_Sidebars->register_post_type('')
#2 C:\xampp\htdocs\marketingdemo\wp-includes\class-wp-hook.php(327): WP_Hook->apply_filters(NULL, Array)
#3 C:\xampp\htdocs\marketingdemo\wp-includes\plugin.php(470): WP_Hook->do_action(Array)
#4 C:\xampp\htdocs\marketingdemo\wp-settings.php(578): do_action('init')
#5 C:\xampp\htdocs\marketingdemo\wp-config.php(89): require_once('C:\\xampp\\htdocs...')
#6 C:\xampp\htdocs\marketingdemo\wp-load.php(50): require_once('C:\\xampp\\htdocs...')
#7 C:\xampp\htdocs\marketingdemo\wp-admin\admin.php(34): require_once('C:\\xampp\\htdocs...')
#8 {main}
  thrown in C:\xampp\htdocs\marketingdemo\wp-content\plugins\woosidebars\classes\class-woo-sidebars.php on line 170

2021-07-22T03:52:06+00:00 CRITICAL Uncaught ValueError: Unknown format specifier "a" in C:\xampp\htdocs\marketingdemo\wp-content\plugins\woosidebars\classes\class-woo-sidebars.php:170
Stack trace:
#0 C:\xampp\htdocs\marketingdemo\wp-content\plugins\woosidebars\classes\class-woo-sidebars.php(170): sprintf('Search %a', 'Widget Areas')
#1 C:\xampp\htdocs\marketingdemo\wp-includes\class-wp-hook.php(303): Woo_Sidebars->register_post_type('')
#2 C:\xampp\htdocs\marketingdemo\wp-includes\class-wp-hook.php(327): WP_Hook->apply_filters(NULL, Array)
#3 C:\xampp\htdocs\marketingdemo\wp-includes\plugin.php(470): WP_Hook->do_action(Array)
#4 C:\xampp\htdocs\marketingdemo\wp-settings.php(578): do_action('init')
#5 C:\xampp\htdocs\marketingdemo\wp-config.php(89): require_once('C:\\xampp\\htdocs...')
#6 C:\xampp\htdocs\marketingdemo\wp-load.php(50): require_once('C:\\xampp\\htdocs...')
#7 C:\xampp\htdocs\marketingdemo\wp-admin\admin-ajax.php(22): require_once('C:\\xampp\\htdocs...')
#8 {main}
  thrown in C:\xampp\htdocs\marketingdemo\wp-content\plugins\woosidebars\classes\class-woo-sidebars.php on line 170

2021-07-22T03:52:06+00:00 CRITICAL Uncaught ValueError: Unknown format specifier "a" in C:\xampp\htdocs\marketingdemo\wp-content\plugins\woosidebars\classes\class-woo-sidebars.php:170
Stack trace:
#0 C:\xampp\htdocs\marketingdemo\wp-content\plugins\woosidebars\classes\class-woo-sidebars.php(170): sprintf('Search %a', 'Widget Areas')
#1 C:\xampp\htdocs\marketingdemo\wp-includes\class-wp-hook.php(303): Woo_Sidebars->register_post_type('')
#2 C:\xampp\htdocs\marketingdemo\wp-includes\class-wp-hook.php(327): WP_Hook->apply_filters(NULL, Array)
#3 C:\xampp\htdocs\marketingdemo\wp-includes\plugin.php(470): WP_Hook->do_action(Array)
#4 C:\xampp\htdocs\marketingdemo\wp-settings.php(578): do_action('init')
#5 C:\xampp\htdocs\marketingdemo\wp-config.php(89): require_once('C:\\xampp\\htdocs...')
#6 C:\xampp\htdocs\marketingdemo\wp-load.php(50): require_once('C:\\xampp\\htdocs...')
#7 C:\xampp\htdocs\marketingdemo\wp-admin\admin.php(34): require_once('C:\\xampp\\htdocs...')
#8 C:\xampp\htdocs\marketingdemo\wp-admin\index.php(10): require_once('C:\\xampp\\htdocs...')
#9 {main}
  thrown in C:\xampp\htdocs\marketingdemo\wp-content\plugins\woosidebars\classes\class-woo-sidebars.php on line 170

2021-07-22T03:53:57+00:00 CRITICAL Uncaught ValueError: Unknown format specifier "a" in C:\xampp\htdocs\marketingdemo\wp-content\plugins\woosidebars\classes\class-woo-sidebars.php:170
Stack trace:
#0 C:\xampp\htdocs\marketingdemo\wp-content\plugins\woosidebars\classes\class-woo-sidebars.php(170): sprintf('Search %a', 'Widget Areas')
#1 C:\xampp\htdocs\marketingdemo\wp-includes\class-wp-hook.php(303): Woo_Sidebars->register_post_type('')
#2 C:\xampp\htdocs\marketingdemo\wp-includes\class-wp-hook.php(327): WP_Hook->apply_filters(NULL, Array)
#3 C:\xampp\htdocs\marketingdemo\wp-includes\plugin.php(470): WP_Hook->do_action(Array)
#4 C:\xampp\htdocs\marketingdemo\wp-settings.php(578): do_action('init')
#5 C:\xampp\htdocs\marketingdemo\wp-config.php(89): require_once('C:\\xampp\\htdocs...')
#6 C:\xampp\htdocs\marketingdemo\wp-load.php(50): require_once('C:\\xampp\\htdocs...')
#7 C:\xampp\htdocs\marketingdemo\wp-admin\admin-ajax.php(22): require_once('C:\\xampp\\htdocs...')
#8 {main}
  thrown in C:\xampp\htdocs\marketingdemo\wp-content\plugins\woosidebars\classes\class-woo-sidebars.php on line 170

2021-07-22T03:53:57+00:00 CRITICAL Uncaught ValueError: Unknown format specifier "a" in C:\xampp\htdocs\marketingdemo\wp-content\plugins\woosidebars\classes\class-woo-sidebars.php:170
Stack trace:
#0 C:\xampp\htdocs\marketingdemo\wp-content\plugins\woosidebars\classes\class-woo-sidebars.php(170): sprintf('Search %a', 'Widget Areas')
#1 C:\xampp\htdocs\marketingdemo\wp-includes\class-wp-hook.php(303): Woo_Sidebars->register_post_type('')
#2 C:\xampp\htdocs\marketingdemo\wp-includes\class-wp-hook.php(327): WP_Hook->apply_filters(NULL, Array)
#3 C:\xampp\htdocs\marketingdemo\wp-includes\plugin.php(470): WP_Hook->do_action(Array)
#4 C:\xampp\htdocs\marketingdemo\wp-settings.php(578): do_action('init')
#5 C:\xampp\htdocs\marketingdemo\wp-config.php(89): require_once('C:\\xampp\\htdocs...')
#6 C:\xampp\htdocs\marketingdemo\wp-load.php(50): require_once('C:\\xampp\\htdocs...')
#7 C:\xampp\htdocs\marketingdemo\wp-admin\admin.php(34): require_once('C:\\xampp\\htdocs...')
#8 C:\xampp\htdocs\marketingdemo\wp-admin\themes.php(10): require_once('C:\\xampp\\htdocs...')
#9 {main}
  thrown in C:\xampp\htdocs\marketingdemo\wp-content\plugins\woosidebars\classes\class-woo-sidebars.php on line 170

2021-07-22T03:54:04+00:00 CRITICAL Uncaught ValueError: Unknown format specifier "a" in C:\xampp\htdocs\marketingdemo\wp-content\plugins\woosidebars\classes\class-woo-sidebars.php:170
Stack trace:
#0 C:\xampp\htdocs\marketingdemo\wp-content\plugins\woosidebars\classes\class-woo-sidebars.php(170): sprintf('Search %a', 'Widget Areas')
#1 C:\xampp\htdocs\marketingdemo\wp-includes\class-wp-hook.php(303): Woo_Sidebars->register_post_type('')
#2 C:\xampp\htdocs\marketingdemo\wp-includes\class-wp-hook.php(327): WP_Hook->apply_filters(NULL, Array)
#3 C:\xampp\htdocs\marketingdemo\wp-includes\plugin.php(470): WP_Hook->do_action(Array)
#4 C:\xampp\htdocs\marketingdemo\wp-settings.php(578): do_action('init')
#5 C:\xampp\htdocs\marketingdemo\wp-config.php(89): require_once('C:\\xampp\\htdocs...')
#6 C:\xampp\htdocs\marketingdemo\wp-load.php(50): require_once('C:\\xampp\\htdocs...')
#7 C:\xampp\htdocs\marketingdemo\wp-admin\admin.php(34): require_once('C:\\xampp\\htdocs...')
#8 C:\xampp\htdocs\marketingdemo\wp-admin\update.php(16): require_once('C:\\xampp\\htdocs...')
#9 {main}
  thrown in C:\xampp\htdocs\marketingdemo\wp-content\plugins\woosidebars\classes\class-woo-sidebars.php on line 170

2021-07-22T03:54:04+00:00 CRITICAL Uncaught ValueError: Unknown format specifier "a" in C:\xampp\htdocs\marketingdemo\wp-content\plugins\woosidebars\classes\class-woo-sidebars.php:170
Stack trace:
#0 C:\xampp\htdocs\marketingdemo\wp-content\plugins\woosidebars\classes\class-woo-sidebars.php(170): sprintf('Search %a', 'Widget Areas')
#1 C:\xampp\htdocs\marketingdemo\wp-includes\class-wp-hook.php(303): Woo_Sidebars->register_post_type('')
#2 C:\xampp\htdocs\marketingdemo\wp-includes\class-wp-hook.php(327): WP_Hook->apply_filters(NULL, Array)
#3 C:\xampp\htdocs\marketingdemo\wp-includes\plugin.php(470): WP_Hook->do_action(Array)
#4 C:\xampp\htdocs\marketingdemo\wp-settings.php(578): do_action('init')
#5 C:\xampp\htdocs\marketingdemo\wp-config.php(89): require_once('C:\\xampp\\htdocs...')
#6 C:\xampp\htdocs\marketingdemo\wp-load.php(50): require_once('C:\\xampp\\htdocs...')
#7 C:\xampp\htdocs\marketingdemo\wp-admin\admin.php(34): require_once('C:\\xampp\\htdocs...')
#8 C:\xampp\htdocs\marketingdemo\wp-admin\theme-install.php(10): require_once('C:\\xampp\\htdocs...')
#9 {main}
  thrown in C:\xampp\htdocs\marketingdemo\wp-content\plugins\woosidebars\classes\class-woo-sidebars.php on line 170

2021-07-22T03:54:06+00:00 CRITICAL Uncaught ValueError: Unknown format specifier "a" in C:\xampp\htdocs\marketingdemo\wp-content\plugins\woosidebars\classes\class-woo-sidebars.php:170
Stack trace:
#0 C:\xampp\htdocs\marketingdemo\wp-content\plugins\woosidebars\classes\class-woo-sidebars.php(170): sprintf('Search %a', 'Widget Areas')
#1 C:\xampp\htdocs\marketingdemo\wp-includes\class-wp-hook.php(303): Woo_Sidebars->register_post_type('')
#2 C:\xampp\htdocs\marketingdemo\wp-includes\class-wp-hook.php(327): WP_Hook->apply_filters(NULL, Array)
#3 C:\xampp\htdocs\marketingdemo\wp-includes\plugin.php(470): WP_Hook->do_action(Array)
#4 C:\xampp\htdocs\marketingdemo\wp-settings.php(578): do_action('init')
#5 C:\xampp\htdocs\marketingdemo\wp-config.php(89): require_once('C:\\xampp\\htdocs...')
#6 C:\xampp\htdocs\marketingdemo\wp-load.php(50): require_once('C:\\xampp\\htdocs...')
#7 C:\xampp\htdocs\marketingdemo\wp-admin\admin.php(34): require_once('C:\\xampp\\htdocs...')
#8 C:\xampp\htdocs\marketingdemo\wp-admin\themes.php(10): require_once('C:\\xampp\\htdocs...')
#9 {main}
  thrown in C:\xampp\htdocs\marketingdemo\wp-content\plugins\woosidebars\classes\class-woo-sidebars.php on line 170

2021-07-22T03:54:06+00:00 CRITICAL Uncaught ValueError: Unknown format specifier "a" in C:\xampp\htdocs\marketingdemo\wp-content\plugins\woosidebars\classes\class-woo-sidebars.php:170
Stack trace:
#0 C:\xampp\htdocs\marketingdemo\wp-content\plugins\woosidebars\classes\class-woo-sidebars.php(170): sprintf('Search %a', 'Widget Areas')
#1 C:\xampp\htdocs\marketingdemo\wp-includes\class-wp-hook.php(303): Woo_Sidebars->register_post_type('')
#2 C:\xampp\htdocs\marketingdemo\wp-includes\class-wp-hook.php(327): WP_Hook->apply_filters(NULL, Array)
#3 C:\xampp\htdocs\marketingdemo\wp-includes\plugin.php(470): WP_Hook->do_action(Array)
#4 C:\xampp\htdocs\marketingdemo\wp-settings.php(578): do_action('init')
#5 C:\xampp\htdocs\marketingdemo\wp-config.php(89): require_once('C:\\xampp\\htdocs...')
#6 C:\xampp\htdocs\marketingdemo\wp-load.php(50): require_once('C:\\xampp\\htdocs...')
#7 C:\xampp\htdocs\marketingdemo\wp-admin\admin.php(34): require_once('C:\\xampp\\htdocs...')
#8 C:\xampp\htdocs\marketingdemo\wp-admin\themes.php(10): require_once('C:\\xampp\\htdocs...')
#9 {main}
  thrown in C:\xampp\htdocs\marketingdemo\wp-content\plugins\woosidebars\classes\class-woo-sidebars.php on line 170

2021-07-22T03:54:15+00:00 CRITICAL Uncaught ValueError: Unknown format specifier "a" in C:\xampp\htdocs\marketingdemo\wp-content\plugins\woosidebars\classes\class-woo-sidebars.php:170
Stack trace:
#0 C:\xampp\htdocs\marketingdemo\wp-content\plugins\woosidebars\classes\class-woo-sidebars.php(170): sprintf('Search %a', 'Widget Areas')
#1 C:\xampp\htdocs\marketingdemo\wp-includes\class-wp-hook.php(303): Woo_Sidebars->register_post_type('')
#2 C:\xampp\htdocs\marketingdemo\wp-includes\class-wp-hook.php(327): WP_Hook->apply_filters(NULL, Array)
#3 C:\xampp\htdocs\marketingdemo\wp-includes\plugin.php(470): WP_Hook->do_action(Array)
#4 C:\xampp\htdocs\marketingdemo\wp-settings.php(578): do_action('init')
#5 C:\xampp\htdocs\marketingdemo\wp-config.php(89): require_once('C:\\xampp\\htdocs...')
#6 C:\xampp\htdocs\marketingdemo\wp-load.php(50): require_once('C:\\xampp\\htdocs...')
#7 C:\xampp\htdocs\marketingdemo\wp-admin\admin.php(34): require_once('C:\\xampp\\htdocs...')
#8 C:\xampp\htdocs\marketingdemo\wp-admin\themes.php(10): require_once('C:\\xampp\\htdocs...')
#9 {main}
  thrown in C:\xampp\htdocs\marketingdemo\wp-content\plugins\woosidebars\classes\class-woo-sidebars.php on line 170

2021-07-22T03:54:20+00:00 CRITICAL Uncaught ValueError: Unknown format specifier "a" in C:\xampp\htdocs\marketingdemo\wp-content\plugins\woosidebars\classes\class-woo-sidebars.php:170
Stack trace:
#0 C:\xampp\htdocs\marketingdemo\wp-content\plugins\woosidebars\classes\class-woo-sidebars.php(170): sprintf('Search %a', 'Widget Areas')
#1 C:\xampp\htdocs\marketingdemo\wp-includes\class-wp-hook.php(303): Woo_Sidebars->register_post_type('')
#2 C:\xampp\htdocs\marketingdemo\wp-includes\class-wp-hook.php(327): WP_Hook->apply_filters(NULL, Array)
#3 C:\xampp\htdocs\marketingdemo\wp-includes\plugin.php(470): WP_Hook->do_action(Array)
#4 C:\xampp\htdocs\marketingdemo\wp-settings.php(578): do_action('init')
#5 C:\xampp\htdocs\marketingdemo\wp-config.php(89): require_once('C:\\xampp\\htdocs...')
#6 C:\xampp\htdocs\marketingdemo\wp-load.php(50): require_once('C:\\xampp\\htdocs...')
#7 C:\xampp\htdocs\marketingdemo\wp-login.php(12): require('C:\\xampp\\htdocs...')
#8 {main}
  thrown in C:\xampp\htdocs\marketingdemo\wp-content\plugins\woosidebars\classes\class-woo-sidebars.php on line 170

2021-07-22T03:54:24+00:00 CRITICAL Uncaught ValueError: Unknown format specifier "a" in C:\xampp\htdocs\marketingdemo\wp-content\plugins\woosidebars\classes\class-woo-sidebars.php:170
Stack trace:
#0 C:\xampp\htdocs\marketingdemo\wp-content\plugins\woosidebars\classes\class-woo-sidebars.php(170): sprintf('Search %a', 'Widget Areas')
#1 C:\xampp\htdocs\marketingdemo\wp-includes\class-wp-hook.php(303): Woo_Sidebars->register_post_type('')
#2 C:\xampp\htdocs\marketingdemo\wp-includes\class-wp-hook.php(327): WP_Hook->apply_filters(NULL, Array)
#3 C:\xampp\htdocs\marketingdemo\wp-includes\plugin.php(470): WP_Hook->do_action(Array)
#4 C:\xampp\htdocs\marketingdemo\wp-settings.php(578): do_action('init')
#5 C:\xampp\htdocs\marketingdemo\wp-config.php(89): require_once('C:\\xampp\\htdocs...')
#6 C:\xampp\htdocs\marketingdemo\wp-load.php(50): require_once('C:\\xampp\\htdocs...')
#7 C:\xampp\htdocs\marketingdemo\wp-login.php(12): require('C:\\xampp\\htdocs...')
#8 {main}
  thrown in C:\xampp\htdocs\marketingdemo\wp-content\plugins\woosidebars\classes\class-woo-sidebars.php on line 170

2021-07-22T03:54:33+00:00 CRITICAL Uncaught ValueError: Unknown format specifier "a" in C:\xampp\htdocs\marketingdemo\wp-content\plugins\woosidebars\classes\class-woo-sidebars.php:170
Stack trace:
#0 C:\xampp\htdocs\marketingdemo\wp-content\plugins\woosidebars\classes\class-woo-sidebars.php(170): sprintf('Search %a', 'Widget Areas')
#1 C:\xampp\htdocs\marketingdemo\wp-includes\class-wp-hook.php(303): Woo_Sidebars->register_post_type('')
#2 C:\xampp\htdocs\marketingdemo\wp-includes\class-wp-hook.php(327): WP_Hook->apply_filters(NULL, Array)
#3 C:\xampp\htdocs\marketingdemo\wp-includes\plugin.php(470): WP_Hook->do_action(Array)
#4 C:\xampp\htdocs\marketingdemo\wp-settings.php(578): do_action('init')
#5 C:\xampp\htdocs\marketingdemo\wp-config.php(89): require_once('C:\\xampp\\htdocs...')
#6 C:\xampp\htdocs\marketingdemo\wp-load.php(50): require_once('C:\\xampp\\htdocs...')
#7 C:\xampp\htdocs\marketingdemo\wp-admin\admin.php(34): require_once('C:\\xampp\\htdocs...')
#8 C:\xampp\htdocs\marketingdemo\wp-admin\customize.php(13): require_once('C:\\xampp\\htdocs...')
#9 {main}
  thrown in C:\xampp\htdocs\marketingdemo\wp-content\plugins\woosidebars\classes\class-woo-sidebars.php on line 170

2021-07-22T03:55:53+00:00 CRITICAL Uncaught ValueError: Unknown format specifier "a" in C:\xampp\htdocs\marketingdemo\wp-content\plugins\woosidebars\classes\class-woo-sidebars.php:170
Stack trace:
#0 C:\xampp\htdocs\marketingdemo\wp-content\plugins\woosidebars\classes\class-woo-sidebars.php(170): sprintf('Search %a', 'Widget Areas')
#1 C:\xampp\htdocs\marketingdemo\wp-includes\class-wp-hook.php(303): Woo_Sidebars->register_post_type('')
#2 C:\xampp\htdocs\marketingdemo\wp-includes\class-wp-hook.php(327): WP_Hook->apply_filters(NULL, Array)
#3 C:\xampp\htdocs\marketingdemo\wp-includes\plugin.php(470): WP_Hook->do_action(Array)
#4 C:\xampp\htdocs\marketingdemo\wp-settings.php(578): do_action('init')
#5 C:\xampp\htdocs\marketingdemo\wp-config.php(89): require_once('C:\\xampp\\htdocs...')
#6 C:\xampp\htdocs\marketingdemo\wp-load.php(50): require_once('C:\\xampp\\htdocs...')
#7 C:\xampp\htdocs\marketingdemo\wp-admin\admin-ajax.php(22): require_once('C:\\xampp\\htdocs...')
#8 {main}
  thrown in C:\xampp\htdocs\marketingdemo\wp-content\plugins\woosidebars\classes\class-woo-sidebars.php on line 170

2021-07-22T03:55:53+00:00 CRITICAL Uncaught ValueError: Unknown format specifier "a" in C:\xampp\htdocs\marketingdemo\wp-content\plugins\woosidebars\classes\class-woo-sidebars.php:170
Stack trace:
#0 C:\xampp\htdocs\marketingdemo\wp-content\plugins\woosidebars\classes\class-woo-sidebars.php(170): sprintf('Search %a', 'Widget Areas')
#1 C:\xampp\htdocs\marketingdemo\wp-includes\class-wp-hook.php(303): Woo_Sidebars->register_post_type('')
#2 C:\xampp\htdocs\marketingdemo\wp-includes\class-wp-hook.php(327): WP_Hook->apply_filters(NULL, Array)
#3 C:\xampp\htdocs\marketingdemo\wp-includes\plugin.php(470): WP_Hook->do_action(Array)
#4 C:\xampp\htdocs\marketingdemo\wp-settings.php(578): do_action('init')
#5 C:\xampp\htdocs\marketingdemo\wp-config.php(89): require_once('C:\\xampp\\htdocs...')
#6 C:\xampp\htdocs\marketingdemo\wp-load.php(50): require_once('C:\\xampp\\htdocs...')
#7 C:\xampp\htdocs\marketingdemo\wp-admin\admin.php(34): require_once('C:\\xampp\\htdocs...')
#8 C:\xampp\htdocs\marketingdemo\wp-admin\index.php(10): require_once('C:\\xampp\\htdocs...')
#9 {main}
  thrown in C:\xampp\htdocs\marketingdemo\wp-content\plugins\woosidebars\classes\class-woo-sidebars.php on line 170

2021-07-22T03:56:17+00:00 CRITICAL Uncaught ValueError: Unknown format specifier "a" in C:\xampp\htdocs\marketingdemo\wp-content\plugins\woosidebars\classes\class-woo-sidebars.php:170
Stack trace:
#0 C:\xampp\htdocs\marketingdemo\wp-content\plugins\woosidebars\classes\class-woo-sidebars.php(170): sprintf('Search %a', 'Widget Areas')
#1 C:\xampp\htdocs\marketingdemo\wp-includes\class-wp-hook.php(303): Woo_Sidebars->register_post_type('')
#2 C:\xampp\htdocs\marketingdemo\wp-includes\class-wp-hook.php(327): WP_Hook->apply_filters(NULL, Array)
#3 C:\xampp\htdocs\marketingdemo\wp-includes\plugin.php(470): WP_Hook->do_action(Array)
#4 C:\xampp\htdocs\marketingdemo\wp-settings.php(578): do_action('init')
#5 C:\xampp\htdocs\marketingdemo\wp-config.php(89): require_once('C:\\xampp\\htdocs...')
#6 C:\xampp\htdocs\marketingdemo\wp-load.php(50): require_once('C:\\xampp\\htdocs...')
#7 C:\xampp\htdocs\marketingdemo\wp-login.php(12): require('C:\\xampp\\htdocs...')
#8 {main}
  thrown in C:\xampp\htdocs\marketingdemo\wp-content\plugins\woosidebars\classes\class-woo-sidebars.php on line 170

2021-07-22T03:59:46+00:00 CRITICAL Uncaught ValueError: Unknown format specifier "a" in C:\xampp\htdocs\marketingdemo\wp-content\plugins\woosidebars\classes\class-woo-sidebars.php:170
Stack trace:
#0 C:\xampp\htdocs\marketingdemo\wp-content\plugins\woosidebars\classes\class-woo-sidebars.php(170): sprintf('Search %a', 'Widget Areas')
#1 C:\xampp\htdocs\marketingdemo\wp-includes\class-wp-hook.php(303): Woo_Sidebars->register_post_type('')
#2 C:\xampp\htdocs\marketingdemo\wp-includes\class-wp-hook.php(327): WP_Hook->apply_filters(NULL, Array)
#3 C:\xampp\htdocs\marketingdemo\wp-includes\plugin.php(470): WP_Hook->do_action(Array)
#4 C:\xampp\htdocs\marketingdemo\wp-settings.php(578): do_action('init')
#5 C:\xampp\htdocs\marketingdemo\wp-config.php(89): require_once('C:\\xampp\\htdocs...')
#6 C:\xampp\htdocs\marketingdemo\wp-load.php(50): require_once('C:\\xampp\\htdocs...')
#7 C:\xampp\htdocs\marketingdemo\wp-admin\admin.php(34): require_once('C:\\xampp\\htdocs...')
#8 C:\xampp\htdocs\marketingdemo\wp-admin\index.php(10): require_once('C:\\xampp\\htdocs...')
#9 {main}
  thrown in C:\xampp\htdocs\marketingdemo\wp-content\plugins\woosidebars\classes\class-woo-sidebars.php on line 170

2021-07-22T03:59:46+00:00 CRITICAL Uncaught ValueError: Unknown format specifier "a" in C:\xampp\htdocs\marketingdemo\wp-content\plugins\woosidebars\classes\class-woo-sidebars.php:170
Stack trace:
#0 C:\xampp\htdocs\marketingdemo\wp-content\plugins\woosidebars\classes\class-woo-sidebars.php(170): sprintf('Search %a', 'Widget Areas')
#1 C:\xampp\htdocs\marketingdemo\wp-includes\class-wp-hook.php(303): Woo_Sidebars->register_post_type('')
#2 C:\xampp\htdocs\marketingdemo\wp-includes\class-wp-hook.php(327): WP_Hook->apply_filters(NULL, Array)
#3 C:\xampp\htdocs\marketingdemo\wp-includes\plugin.php(470): WP_Hook->do_action(Array)
#4 C:\xampp\htdocs\marketingdemo\wp-settings.php(578): do_action('init')
#5 C:\xampp\htdocs\marketingdemo\wp-config.php(89): require_once('C:\\xampp\\htdocs...')
#6 C:\xampp\htdocs\marketingdemo\wp-load.php(50): require_once('C:\\xampp\\htdocs...')
#7 C:\xampp\htdocs\marketingdemo\wp-admin\admin-ajax.php(22): require_once('C:\\xampp\\htdocs...')
#8 {main}
  thrown in C:\xampp\htdocs\marketingdemo\wp-content\plugins\woosidebars\classes\class-woo-sidebars.php on line 170

2021-07-22T03:59:55+00:00 CRITICAL Uncaught ValueError: Unknown format specifier "a" in C:\xampp\htdocs\marketingdemo\wp-content\plugins\woosidebars\classes\class-woo-sidebars.php:170
Stack trace:
#0 C:\xampp\htdocs\marketingdemo\wp-content\plugins\woosidebars\classes\class-woo-sidebars.php(170): sprintf('Search %a', 'Widget Areas')
#1 C:\xampp\htdocs\marketingdemo\wp-includes\class-wp-hook.php(303): Woo_Sidebars->register_post_type('')
#2 C:\xampp\htdocs\marketingdemo\wp-includes\class-wp-hook.php(327): WP_Hook->apply_filters(NULL, Array)
#3 C:\xampp\htdocs\marketingdemo\wp-includes\plugin.php(470): WP_Hook->do_action(Array)
#4 C:\xampp\htdocs\marketingdemo\wp-settings.php(578): do_action('init')
#5 C:\xampp\htdocs\marketingdemo\wp-config.php(89): require_once('C:\\xampp\\htdocs...')
#6 C:\xampp\htdocs\marketingdemo\wp-load.php(50): require_once('C:\\xampp\\htdocs...')
#7 C:\xampp\htdocs\marketingdemo\wp-admin\admin.php(34): require_once('C:\\xampp\\htdocs...')
#8 C:\xampp\htdocs\marketingdemo\wp-admin\post.php(12): require_once('C:\\xampp\\htdocs...')
#9 {main}
  thrown in C:\xampp\htdocs\marketingdemo\wp-content\plugins\woosidebars\classes\class-woo-sidebars.php on line 170

2021-07-22T04:00:21+00:00 CRITICAL Uncaught ValueError: Unknown format specifier "a" in C:\xampp\htdocs\marketingdemo\wp-content\plugins\woosidebars\classes\class-woo-sidebars.php:170
Stack trace:
#0 C:\xampp\htdocs\marketingdemo\wp-content\plugins\woosidebars\classes\class-woo-sidebars.php(170): sprintf('Search %a', 'Widget Areas')
#1 C:\xampp\htdocs\marketingdemo\wp-includes\class-wp-hook.php(303): Woo_Sidebars->register_post_type('')
#2 C:\xampp\htdocs\marketingdemo\wp-includes\class-wp-hook.php(327): WP_Hook->apply_filters(NULL, Array)
#3 C:\xampp\htdocs\marketingdemo\wp-includes\plugin.php(470): WP_Hook->do_action(Array)
#4 C:\xampp\htdocs\marketingdemo\wp-settings.php(578): do_action('init')
#5 C:\xampp\htdocs\marketingdemo\wp-config.php(89): require_once('C:\\xampp\\htdocs...')
#6 C:\xampp\htdocs\marketingdemo\wp-load.php(50): require_once('C:\\xampp\\htdocs...')
#7 C:\xampp\htdocs\marketingdemo\wp-admin\admin.php(34): require_once('C:\\xampp\\htdocs...')
#8 C:\xampp\htdocs\marketingdemo\wp-admin\index.php(10): require_once('C:\\xampp\\htdocs...')
#9 {main}
  thrown in C:\xampp\htdocs\marketingdemo\wp-content\plugins\woosidebars\classes\class-woo-sidebars.php on line 170

2021-07-22T04:10:49+00:00 CRITICAL Uncaught ValueError: Unknown format specifier "a" in C:\xampp\htdocs\marketingdemo\wp-content\plugins\woosidebars\classes\class-woo-sidebars.php:170
Stack trace:
#0 C:\xampp\htdocs\marketingdemo\wp-content\plugins\woosidebars\classes\class-woo-sidebars.php(170): sprintf('Search %a', 'Widget Areas')
#1 C:\xampp\htdocs\marketingdemo\wp-includes\class-wp-hook.php(303): Woo_Sidebars->register_post_type('')
#2 C:\xampp\htdocs\marketingdemo\wp-includes\class-wp-hook.php(327): WP_Hook->apply_filters(NULL, Array)
#3 C:\xampp\htdocs\marketingdemo\wp-includes\plugin.php(470): WP_Hook->do_action(Array)
#4 C:\xampp\htdocs\marketingdemo\wp-settings.php(578): do_action('init')
#5 C:\xampp\htdocs\marketingdemo\wp-config.php(89): require_once('C:\\xampp\\htdocs...')
#6 C:\xampp\htdocs\marketingdemo\wp-load.php(50): require_once('C:\\xampp\\htdocs...')
#7 C:\xampp\htdocs\marketingdemo\wp-admin\admin-ajax.php(22): require_once('C:\\xampp\\htdocs...')
#8 {main}
  thrown in C:\xampp\htdocs\marketingdemo\wp-content\plugins\woosidebars\classes\class-woo-sidebars.php on line 170

2021-07-22T04:10:49+00:00 CRITICAL Uncaught ValueError: Unknown format specifier "a" in C:\xampp\htdocs\marketingdemo\wp-content\plugins\woosidebars\classes\class-woo-sidebars.php:170
Stack trace:
#0 C:\xampp\htdocs\marketingdemo\wp-content\plugins\woosidebars\classes\class-woo-sidebars.php(170): sprintf('Search %a', 'Widget Areas')
#1 C:\xampp\htdocs\marketingdemo\wp-includes\class-wp-hook.php(303): Woo_Sidebars->register_post_type('')
#2 C:\xampp\htdocs\marketingdemo\wp-includes\class-wp-hook.php(327): WP_Hook->apply_filters(NULL, Array)
#3 C:\xampp\htdocs\marketingdemo\wp-includes\plugin.php(470): WP_Hook->do_action(Array)
#4 C:\xampp\htdocs\marketingdemo\wp-settings.php(578): do_action('init')
#5 C:\xampp\htdocs\marketingdemo\wp-config.php(89): require_once('C:\\xampp\\htdocs...')
#6 C:\xampp\htdocs\marketingdemo\wp-load.php(50): require_once('C:\\xampp\\htdocs...')
#7 C:\xampp\htdocs\marketingdemo\wp-admin\admin.php(34): require_once('C:\\xampp\\htdocs...')
#8 C:\xampp\htdocs\marketingdemo\wp-admin\index.php(10): require_once('C:\\xampp\\htdocs...')
#9 {main}
  thrown in C:\xampp\htdocs\marketingdemo\wp-content\plugins\woosidebars\classes\class-woo-sidebars.php on line 170

2021-07-22T04:11:27+00:00 CRITICAL Uncaught ValueError: Unknown format specifier "a" in C:\xampp\htdocs\marketingdemo\wp-content\plugins\woosidebars\classes\class-woo-sidebars.php:170
Stack trace:
#0 C:\xampp\htdocs\marketingdemo\wp-content\plugins\woosidebars\classes\class-woo-sidebars.php(170): sprintf('Search %a', 'Widget Areas')
#1 C:\xampp\htdocs\marketingdemo\wp-includes\class-wp-hook.php(303): Woo_Sidebars->register_post_type('')
#2 C:\xampp\htdocs\marketingdemo\wp-includes\class-wp-hook.php(327): WP_Hook->apply_filters(NULL, Array)
#3 C:\xampp\htdocs\marketingdemo\wp-includes\plugin.php(470): WP_Hook->do_action(Array)
#4 C:\xampp\htdocs\marketingdemo\wp-settings.php(578): do_action('init')
#5 C:\xampp\htdocs\marketingdemo\wp-config.php(89): require_once('C:\\xampp\\htdocs...')
#6 C:\xampp\htdocs\marketingdemo\wp-load.php(50): require_once('C:\\xampp\\htdocs...')
#7 C:\xampp\htdocs\marketingdemo\wp-admin\admin.php(34): require_once('C:\\xampp\\htdocs...')
#8 C:\xampp\htdocs\marketingdemo\wp-admin\customize.php(13): require_once('C:\\xampp\\htdocs...')
#9 {main}
  thrown in C:\xampp\htdocs\marketingdemo\wp-content\plugins\woosidebars\classes\class-woo-sidebars.php on line 170

2021-07-22T05:53:46+00:00 CRITICAL Uncaught ValueError: Unknown format specifier "a" in C:\xampp\htdocs\marketingdemo\wp-content\plugins\woosidebars\classes\class-woo-sidebars.php:170
Stack trace:
#0 C:\xampp\htdocs\marketingdemo\wp-content\plugins\woosidebars\classes\class-woo-sidebars.php(170): sprintf('Search %a', 'Widget Areas')
#1 C:\xampp\htdocs\marketingdemo\wp-includes\class-wp-hook.php(303): Woo_Sidebars->register_post_type('')
#2 C:\xampp\htdocs\marketingdemo\wp-includes\class-wp-hook.php(327): WP_Hook->apply_filters(NULL, Array)
#3 C:\xampp\htdocs\marketingdemo\wp-includes\plugin.php(470): WP_Hook->do_action(Array)
#4 C:\xampp\htdocs\marketingdemo\wp-settings.php(578): do_action('init')
#5 C:\xampp\htdocs\marketingdemo\wp-config.php(89): require_once('C:\\xampp\\htdocs...')
#6 C:\xampp\htdocs\marketingdemo\wp-load.php(50): require_once('C:\\xampp\\htdocs...')
#7 C:\xampp\htdocs\marketingdemo\wp-admin\admin.php(34): require_once('C:\\xampp\\htdocs...')
#8 C:\xampp\htdocs\marketingdemo\wp-admin\customize.php(13): require_once('C:\\xampp\\htdocs...')
#9 {main}
  thrown in C:\xampp\htdocs\marketingdemo\wp-content\plugins\woosidebars\classes\class-woo-sidebars.php on line 170

2021-07-22T05:53:47+00:00 CRITICAL Uncaught ValueError: Unknown format specifier "a" in C:\xampp\htdocs\marketingdemo\wp-content\plugins\woosidebars\classes\class-woo-sidebars.php:170
Stack trace:
#0 C:\xampp\htdocs\marketingdemo\wp-content\plugins\woosidebars\classes\class-woo-sidebars.php(170): sprintf('Search %a', 'Widget Areas')
#1 C:\xampp\htdocs\marketingdemo\wp-includes\class-wp-hook.php(303): Woo_Sidebars->register_post_type('')
#2 C:\xampp\htdocs\marketingdemo\wp-includes\class-wp-hook.php(327): WP_Hook->apply_filters(NULL, Array)
#3 C:\xampp\htdocs\marketingdemo\wp-includes\plugin.php(470): WP_Hook->do_action(Array)
#4 C:\xampp\htdocs\marketingdemo\wp-settings.php(578): do_action('init')
#5 C:\xampp\htdocs\marketingdemo\wp-config.php(89): require_once('C:\\xampp\\htdocs...')
#6 C:\xampp\htdocs\marketingdemo\wp-load.php(50): require_once('C:\\xampp\\htdocs...')
#7 C:\xampp\htdocs\marketingdemo\wp-admin\admin-ajax.php(22): require_once('C:\\xampp\\htdocs...')
#8 {main}
  thrown in C:\xampp\htdocs\marketingdemo\wp-content\plugins\woosidebars\classes\class-woo-sidebars.php on line 170

2021-07-22T13:20:53+00:00 CRITICAL Uncaught ValueError: Unknown format specifier "a" in C:\xampp\htdocs\marketingdemo\wp-content\plugins\woosidebars\classes\class-woo-sidebars.php:170
Stack trace:
#0 C:\xampp\htdocs\marketingdemo\wp-content\plugins\woosidebars\classes\class-woo-sidebars.php(170): sprintf('Search %a', 'Widget Areas')
#1 C:\xampp\htdocs\marketingdemo\wp-includes\class-wp-hook.php(303): Woo_Sidebars->register_post_type('')
#2 C:\xampp\htdocs\marketingdemo\wp-includes\class-wp-hook.php(327): WP_Hook->apply_filters(NULL, Array)
#3 C:\xampp\htdocs\marketingdemo\wp-includes\plugin.php(470): WP_Hook->do_action(Array)
#4 C:\xampp\htdocs\marketingdemo\wp-settings.php(578): do_action('init')
#5 C:\xampp\htdocs\marketingdemo\wp-config.php(89): require_once('C:\\xampp\\htdocs...')
#6 C:\xampp\htdocs\marketingdemo\wp-load.php(50): require_once('C:\\xampp\\htdocs...')
#7 C:\xampp\htdocs\marketingdemo\wp-admin\admin.php(34): require_once('C:\\xampp\\htdocs...')
#8 C:\xampp\htdocs\marketingdemo\wp-admin\index.php(10): require_once('C:\\xampp\\htdocs...')
#9 {main}
  thrown in C:\xampp\htdocs\marketingdemo\wp-content\plugins\woosidebars\classes\class-woo-sidebars.php on line 170

2021-07-22T13:20:53+00:00 CRITICAL Uncaught ValueError: Unknown format specifier "a" in C:\xampp\htdocs\marketingdemo\wp-content\plugins\woosidebars\classes\class-woo-sidebars.php:170
Stack trace:
#0 C:\xampp\htdocs\marketingdemo\wp-content\plugins\woosidebars\classes\class-woo-sidebars.php(170): sprintf('Search %a', 'Widget Areas')
#1 C:\xampp\htdocs\marketingdemo\wp-includes\class-wp-hook.php(303): Woo_Sidebars->register_post_type('')
#2 C:\xampp\htdocs\marketingdemo\wp-includes\class-wp-hook.php(327): WP_Hook->apply_filters(NULL, Array)
#3 C:\xampp\htdocs\marketingdemo\wp-includes\plugin.php(470): WP_Hook->do_action(Array)
#4 C:\xampp\htdocs\marketingdemo\wp-settings.php(578): do_action('init')
#5 C:\xampp\htdocs\marketingdemo\wp-config.php(89): require_once('C:\\xampp\\htdocs...')
#6 C:\xampp\htdocs\marketingdemo\wp-load.php(50): require_once('C:\\xampp\\htdocs...')
#7 C:\xampp\htdocs\marketingdemo\wp-admin\admin.php(34): require_once('C:\\xampp\\htdocs...')
#8 C:\xampp\htdocs\marketingdemo\wp-admin\index.php(10): require_once('C:\\xampp\\htdocs...')
#9 {main}
  thrown in C:\xampp\htdocs\marketingdemo\wp-content\plugins\woosidebars\classes\class-woo-sidebars.php on line 170

2021-07-22T13:20:55+00:00 CRITICAL Uncaught ValueError: Unknown format specifier "a" in C:\xampp\htdocs\marketingdemo\wp-content\plugins\woosidebars\classes\class-woo-sidebars.php:170
Stack trace:
#0 C:\xampp\htdocs\marketingdemo\wp-content\plugins\woosidebars\classes\class-woo-sidebars.php(170): sprintf('Search %a', 'Widget Areas')
#1 C:\xampp\htdocs\marketingdemo\wp-includes\class-wp-hook.php(303): Woo_Sidebars->register_post_type('')
#2 C:\xampp\htdocs\marketingdemo\wp-includes\class-wp-hook.php(327): WP_Hook->apply_filters(NULL, Array)
#3 C:\xampp\htdocs\marketingdemo\wp-includes\plugin.php(470): WP_Hook->do_action(Array)
#4 C:\xampp\htdocs\marketingdemo\wp-settings.php(578): do_action('init')
#5 C:\xampp\htdocs\marketingdemo\wp-config.php(89): require_once('C:\\xampp\\htdocs...')
#6 C:\xampp\htdocs\marketingdemo\wp-load.php(50): require_once('C:\\xampp\\htdocs...')
#7 C:\xampp\htdocs\marketingdemo\wp-admin\admin-ajax.php(22): require_once('C:\\xampp\\htdocs...')
#8 {main}
  thrown in C:\xampp\htdocs\marketingdemo\wp-content\plugins\woosidebars\classes\class-woo-sidebars.php on line 170

2021-07-22T13:20:55+00:00 CRITICAL Uncaught ValueError: Unknown format specifier "a" in C:\xampp\htdocs\marketingdemo\wp-content\plugins\woosidebars\classes\class-woo-sidebars.php:170
Stack trace:
#0 C:\xampp\htdocs\marketingdemo\wp-content\plugins\woosidebars\classes\class-woo-sidebars.php(170): sprintf('Search %a', 'Widget Areas')
#1 C:\xampp\htdocs\marketingdemo\wp-includes\class-wp-hook.php(303): Woo_Sidebars->register_post_type('')
#2 C:\xampp\htdocs\marketingdemo\wp-includes\class-wp-hook.php(327): WP_Hook->apply_filters(NULL, Array)
#3 C:\xampp\htdocs\marketingdemo\wp-includes\plugin.php(470): WP_Hook->do_action(Array)
#4 C:\xampp\htdocs\marketingdemo\wp-settings.php(578): do_action('init')
#5 C:\xampp\htdocs\marketingdemo\wp-config.php(89): require_once('C:\\xampp\\htdocs...')
#6 C:\xampp\htdocs\marketingdemo\wp-load.php(50): require_once('C:\\xampp\\htdocs...')
#7 C:\xampp\htdocs\marketingdemo\wp-admin\admin-ajax.php(22): require_once('C:\\xampp\\htdocs...')
#8 {main}
  thrown in C:\xampp\htdocs\marketingdemo\wp-content\plugins\woosidebars\classes\class-woo-sidebars.php on line 170

